<?xml version="1.0" encoding="UTF-8"?>
<!-- Generated by org.testng.reporters.JUnitXMLReporter -->
<testsuite ignored="0" hostname="DESKTOP-D2504CJ" failures="1" tests="2" name="Test" time="0.105" errors="0" timestamp="2022-08-05T13:14:33 IST">
  <testcase classname="genericUtilities.DemoTestCase" name="demo" time="0.022">
    <failure type="java.lang.AssertionError" message="expected [true] but found [false]">
      <![CDATA[java.lang.AssertionError: expected [true] but found [false]
at genericUtilities.DemoTestCase.demo(DemoTestCase.java:13)
at java.base/java.util.ArrayList.forEach(ArrayList.java:1511)
... Removed 33 stack frames]]>
    </failure>
  </testcase> <!-- demo -->
  <testcase classname="genericUtilities.DemoTestCase" name="disp" time="0.003"/>
</testsuite> <!-- Test -->
